<?xml version="1.0" encoding="UTF-8" ?>
<testsuite tests="30" failures="30" name="Model.ContactTest" time="0.03" errors="0" skipped="0">
  <properties>
    <property name="java.runtime.name" value="Java(TM) SE Runtime Environment"/>
    <property name="java.vm.version" value="11.0.20+9-LTS-256"/>
    <property name="sun.boot.library.path" value="C:\Program Files\Java\jdk-11\bin"/>
    <property name="maven.multiModuleProjectDirectory" value="C:\Users\URSULA\Documents\GitHub\SofEngProject\ContactListProject"/>
    <property name="java.vm.vendor" value="Oracle Corporation"/>
    <property name="java.vendor.url" value="https://openjdk.java.net/"/>
    <property name="guice.disable.misplaced.annotation.check" value="true"/>
    <property name="path.separator" value=";"/>
    <property name="java.vm.name" value="Java HotSpot(TM) 64-Bit Server VM"/>
    <property name="sun.os.patch.level" value=""/>
    <property name="user.script" value=""/>
    <property name="user.country" value="IT"/>
    <property name="sun.java.launcher" value="SUN_STANDARD"/>
    <property name="test" value="Model.ContactTest"/>
    <property name="java.vm.specification.name" value="Java Virtual Machine Specification"/>
    <property name="user.dir" value="C:\Users\URSULA\Documents\GitHub\SofEngProject\ContactListProject"/>
    <property name="java.vm.compressedOopsMode" value="32-bit"/>
    <property name="java.runtime.version" value="11.0.20+9-LTS-256"/>
    <property name="java.awt.graphicsenv" value="sun.awt.Win32GraphicsEnvironment"/>
    <property name="os.arch" value="amd64"/>
    <property name="java.io.tmpdir" value="C:\Users\URSULA\AppData\Local\Temp\"/>
    <property name="line.separator" value="
"/>
    <property name="java.vm.specification.vendor" value="Oracle Corporation"/>
    <property name="user.variant" value=""/>
    <property name="os.name" value="Windows 10"/>
    <property name="maven.ext.class.path" value="C:\Program Files\NetBeans-16\netbeans\java\maven-nblib\netbeans-eventspy.jar"/>
    <property name="classworlds.conf" value="C:\Program Files\NetBeans-16\netbeans\java\maven\bin\m2.conf"/>
    <property name="sun.jnu.encoding" value="Cp1252"/>
    <property name="java.library.path" value="C:\Program Files\Java\jdk-11\bin;C:\WINDOWS\Sun\Java\bin;C:\WINDOWS\system32;C:\WINDOWS;C:\Program Files\Common Files\Oracle\Java\javapath;C:\Program Files (x86)\Common Files\Oracle\Java\java8path;C:\Program Files (x86)\Common Files\Oracle\Java\javapath;C:\Program Files\OpenLogic\jre-11.0.20.8-hotspot\bin;C:\ProgramData\Oracle\Java\javapath;C:\WINDOWS\system32;C:\WINDOWS;C:\WINDOWS\System32\Wbem;C:\WINDOWS\System32\WindowsPowerShell\v1.0\;C:\WINDOWS\System32\OpenSSH\;C:\Program Files\MATLAB\R2023a\bin;C:\Program Files\doxygen\bin;C:\xampp\php;C:\Users\URSULA\Desktop\u.iannone1@studenti.unisa.it\Ingegneria del software\apache-maven-3.9.9-bin\apache-maven-3.9.9\bin;C:\Users\URSULA\AppData\Local\Microsoft\WindowsApps;C:\Users\URSULA\AppData\Local\Programs\Microsoft VS Code\bin;C:\Users\URSULA\AppData\Local\GitHubDesktop\bin;."/>
    <property name="maven.conf" value="C:\Program Files\NetBeans-16\netbeans\java\maven/conf"/>
    <property name="jdk.debug" value="release"/>
    <property name="java.class.version" value="55.0"/>
    <property name="java.specification.name" value="Java Platform API Specification"/>
    <property name="sun.management.compiler" value="HotSpot 64-Bit Tiered Compilers"/>
    <property name="os.version" value="10.0"/>
    <property name="library.jansi.path" value="C:\Program Files\NetBeans-16\netbeans\java\maven\lib\jansi-native"/>
    <property name="user.home" value="C:\Users\URSULA"/>
    <property name="user.timezone" value="Europe/Rome"/>
    <property name="java.awt.printerjob" value="sun.awt.windows.WPrinterJob"/>
    <property name="file.encoding" value="UTF-8"/>
    <property name="java.specification.version" value="11"/>
    <property name="user.name" value="URSULA"/>
    <property name="java.class.path" value="C:\Program Files\NetBeans-16\netbeans\java\maven\boot\plexus-classworlds-2.6.0.jar"/>
    <property name="java.vm.specification.version" value="11"/>
    <property name="sun.arch.data.model" value="64"/>
    <property name="sun.java.command" value="org.codehaus.plexus.classworlds.launcher.Launcher -Dtest=Model.ContactTest -Dmaven.ext.class.path=C:\Program Files\NetBeans-16\netbeans\java\maven-nblib\netbeans-eventspy.jar -Dfile.encoding=UTF-8 surefire:test"/>
    <property name="java.home" value="C:\Program Files\Java\jdk-11"/>
    <property name="user.language" value="it"/>
    <property name="java.specification.vendor" value="Oracle Corporation"/>
    <property name="awt.toolkit" value="sun.awt.windows.WToolkit"/>
    <property name="java.vm.info" value="mixed mode"/>
    <property name="java.version" value="11.0.20"/>
    <property name="java.vendor" value="Oracle Corporation"/>
    <property name="java.specification.maintenance.version" value="2"/>
    <property name="maven.home" value="C:\Program Files\NetBeans-16\netbeans\java\maven"/>
    <property name="file.separator" value="\"/>
    <property name="java.version.date" value="2023-07-18"/>
    <property name="java.vendor.url.bug" value="https://bugreport.java.com/bugreport/"/>
    <property name="sun.io.unicode.encoding" value="UnicodeLittle"/>
    <property name="sun.cpu.endian" value="little"/>
    <property name="java.vendor.version" value="18.9"/>
    <property name="sun.desktop" value="windows"/>
    <property name="sun.cpu.isalist" value="amd64"/>
  </properties>
  <testcase classname="Model.ContactTest" name="Model.ContactTest.testSetNotes" time="0.013">
    <failure type="java.lang.NullPointerException">java.lang.NullPointerException
	at Model.ContactTest.testSetNotes(ContactTest.java:397)
</failure>
    <system-out>setNotes
</system-out>
  </testcase>
  <testcase classname="Model.ContactTest" name="Model.ContactTest.testSetAddress" time="0">
    <failure type="java.lang.NullPointerException">java.lang.NullPointerException
	at Model.ContactTest.testSetAddress(ContactTest.java:371)
</failure>
    <system-out>setAddress
</system-out>
  </testcase>
  <testcase classname="Model.ContactTest" name="Model.ContactTest.testSetIBAN" time="0">
    <failure type="java.lang.NullPointerException">java.lang.NullPointerException
	at Model.ContactTest.testSetIBAN(ContactTest.java:358)
</failure>
    <system-out>setIBAN
</system-out>
  </testcase>
  <testcase classname="Model.ContactTest" name="Model.ContactTest.testSetEmail1" time="0">
    <failure type="java.lang.NullPointerException">java.lang.NullPointerException
	at Model.ContactTest.testSetEmail1(ContactTest.java:306)
</failure>
    <system-out>setEmail1
</system-out>
  </testcase>
  <testcase classname="Model.ContactTest" name="Model.ContactTest.testToString" time="0">
    <failure type="java.lang.NullPointerException">java.lang.NullPointerException
	at Model.ContactTest.testToString(ContactTest.java:437)
</failure>
    <system-out>toString
</system-out>
  </testcase>
  <testcase classname="Model.ContactTest" name="Model.ContactTest.testSetEmail2" time="0">
    <failure type="java.lang.NullPointerException">java.lang.NullPointerException
	at Model.ContactTest.testSetEmail2(ContactTest.java:319)
</failure>
    <system-out>setEmail2
</system-out>
  </testcase>
  <testcase classname="Model.ContactTest" name="Model.ContactTest.testIsFavourite" time="0">
    <failure type="java.lang.NullPointerException">java.lang.NullPointerException
	at Model.ContactTest.testIsFavourite(ContactTest.java:423)
</failure>
    <system-out>isFavourite
</system-out>
  </testcase>
  <testcase classname="Model.ContactTest" name="Model.ContactTest.testSetFavorite" time="0">
    <failure type="java.lang.NullPointerException">java.lang.NullPointerException
	at Model.ContactTest.testSetFavorite(ContactTest.java:410)
</failure>
    <system-out>setFavorite
</system-out>
  </testcase>
  <testcase classname="Model.ContactTest" name="Model.ContactTest.testSetEmail3" time="0.001">
    <failure type="java.lang.NullPointerException">java.lang.NullPointerException
	at Model.ContactTest.testSetEmail3(ContactTest.java:332)
</failure>
    <system-out>setEmail3
</system-out>
  </testcase>
  <testcase classname="Model.ContactTest" name="Model.ContactTest.testSetWebsite" time="0">
    <failure type="java.lang.NullPointerException">java.lang.NullPointerException
	at Model.ContactTest.testSetWebsite(ContactTest.java:384)
</failure>
    <system-out>setWebsite
</system-out>
  </testcase>
  <testcase classname="Model.ContactTest" name="Model.ContactTest.testSetCompany" time="0.001">
    <failure type="java.lang.NullPointerException">java.lang.NullPointerException
	at Model.ContactTest.testSetCompany(ContactTest.java:345)
</failure>
    <system-out>setCompany
</system-out>
  </testcase>
  <testcase classname="Model.ContactTest" name="Model.ContactTest.testCheck" time="0">
    <failure type="java.lang.NullPointerException">java.lang.NullPointerException
	at Model.ContactTest.testCheck(ContactTest.java:46)
</failure>
    <system-out>check
</system-out>
  </testcase>
  <testcase classname="Model.ContactTest" name="Model.ContactTest.testGetSurname" time="0">
    <failure type="java.lang.NullPointerException">java.lang.NullPointerException
	at Model.ContactTest.testGetSurname(ContactTest.java:73)
</failure>
    <system-out>getSurname
</system-out>
  </testcase>
  <testcase classname="Model.ContactTest" name="Model.ContactTest.testGetAddress" time="0">
    <failure type="java.lang.NullPointerException">java.lang.NullPointerException
	at Model.ContactTest.testGetAddress(ContactTest.java:199)
</failure>
    <system-out>getAddress
</system-out>
  </testcase>
  <testcase classname="Model.ContactTest" name="Model.ContactTest.testGetName" time="0">
    <failure type="java.lang.NullPointerException">java.lang.NullPointerException
	at Model.ContactTest.testGetName(ContactTest.java:59)
</failure>
    <system-out>getName
</system-out>
  </testcase>
  <testcase classname="Model.ContactTest" name="Model.ContactTest.testSetSurname" time="0">
    <failure type="java.lang.NullPointerException">java.lang.NullPointerException
	at Model.ContactTest.testSetSurname(ContactTest.java:254)
</failure>
    <system-out>setSurname
</system-out>
  </testcase>
  <testcase classname="Model.ContactTest" name="Model.ContactTest.testGetIBAN" time="0">
    <failure type="java.lang.NullPointerException">java.lang.NullPointerException
	at Model.ContactTest.testGetIBAN(ContactTest.java:185)
</failure>
    <system-out>getIBAN
</system-out>
  </testcase>
  <testcase classname="Model.ContactTest" name="Model.ContactTest.testSetName" time="0">
    <failure type="java.lang.NullPointerException">java.lang.NullPointerException
	at Model.ContactTest.testSetName(ContactTest.java:241)
</failure>
    <system-out>setName
</system-out>
  </testcase>
  <testcase classname="Model.ContactTest" name="Model.ContactTest.testGetEmail3" time="0">
    <failure type="java.lang.NullPointerException">java.lang.NullPointerException
	at Model.ContactTest.testGetEmail3(ContactTest.java:157)
</failure>
    <system-out>getEmail3
</system-out>
  </testcase>
  <testcase classname="Model.ContactTest" name="Model.ContactTest.testGetCompany" time="0.006">
    <failure type="java.lang.NullPointerException">java.lang.NullPointerException
	at Model.ContactTest.testGetCompany(ContactTest.java:171)
</failure>
    <system-out>getCompany
</system-out>
  </testcase>
  <testcase classname="Model.ContactTest" name="Model.ContactTest.testGetWebsite" time="0.001">
    <failure type="java.lang.NullPointerException">java.lang.NullPointerException
	at Model.ContactTest.testGetWebsite(ContactTest.java:213)
</failure>
    <system-out>getWebsite
</system-out>
  </testcase>
  <testcase classname="Model.ContactTest" name="Model.ContactTest.testGetNotes" time="0.001">
    <failure type="java.lang.NullPointerException">java.lang.NullPointerException
	at Model.ContactTest.testGetNotes(ContactTest.java:227)
</failure>
    <system-out>getNotes
</system-out>
  </testcase>
  <testcase classname="Model.ContactTest" name="Model.ContactTest.testGetEmail1" time="0.001">
    <failure type="java.lang.NullPointerException">java.lang.NullPointerException
	at Model.ContactTest.testGetEmail1(ContactTest.java:129)
</failure>
    <system-out>getEmail1
</system-out>
  </testcase>
  <testcase classname="Model.ContactTest" name="Model.ContactTest.testGetEmail2" time="0">
    <failure type="java.lang.NullPointerException">java.lang.NullPointerException
	at Model.ContactTest.testGetEmail2(ContactTest.java:143)
</failure>
    <system-out>getEmail2
</system-out>
  </testcase>
  <testcase classname="Model.ContactTest" name="Model.ContactTest.testGetPhoneNumber1" time="0.001">
    <failure type="java.lang.NullPointerException">java.lang.NullPointerException
	at Model.ContactTest.testGetPhoneNumber1(ContactTest.java:87)
</failure>
    <system-out>getPhoneNumber1
</system-out>
  </testcase>
  <testcase classname="Model.ContactTest" name="Model.ContactTest.testGetPhoneNumber2" time="0.001">
    <failure type="java.lang.NullPointerException">java.lang.NullPointerException
	at Model.ContactTest.testGetPhoneNumber2(ContactTest.java:101)
</failure>
    <system-out>getPhoneNumber2
</system-out>
  </testcase>
  <testcase classname="Model.ContactTest" name="Model.ContactTest.testSetPhoneNumber1" time="0.002">
    <failure type="java.lang.NullPointerException">java.lang.NullPointerException
	at Model.ContactTest.testSetPhoneNumber1(ContactTest.java:267)
</failure>
    <system-out>setPhoneNumber1
</system-out>
  </testcase>
  <testcase classname="Model.ContactTest" name="Model.ContactTest.testSetPhoneNumber2" time="0.001">
    <failure type="java.lang.NullPointerException">java.lang.NullPointerException
	at Model.ContactTest.testSetPhoneNumber2(ContactTest.java:280)
</failure>
    <system-out>setPhoneNumber2
</system-out>
  </testcase>
  <testcase classname="Model.ContactTest" name="Model.ContactTest.testGetPhoneNumber3" time="0">
    <failure type="java.lang.NullPointerException">java.lang.NullPointerException
	at Model.ContactTest.testGetPhoneNumber3(ContactTest.java:115)
</failure>
    <system-out>getPhoneNumber3
</system-out>
  </testcase>
  <testcase classname="Model.ContactTest" name="Model.ContactTest.testSetPhoneNumber3" time="0.001">
    <failure type="java.lang.NullPointerException">java.lang.NullPointerException
	at Model.ContactTest.testSetPhoneNumber3(ContactTest.java:293)
</failure>
    <system-out>setPhoneNumber3
</system-out>
  </testcase>
</testsuite>